Sun Mar 06 23:32:00 2016  [INFO]: 2
Sun Mar 06 23:32:00 2016  [INFO]: Succeed in loading configration file
Sun Mar 06 23:32:49 2016  [INFO]: 2
Sun Mar 06 23:32:49 2016  [INFO]: Succeed in loading configration file
Sun Mar 06 23:35:36 2016  [INFO]: 2
Sun Mar 06 23:35:36 2016  [INFO]: Succeed in loading configration file
Sun Mar 06 23:38:28 2016  [INFO]: 2
Sun Mar 06 23:38:28 2016  [INFO]: Succeed in loading configration file
Sun Mar 06 23:42:43 2016  [INFO]: 2
Sun Mar 06 23:42:43 2016  [INFO]: Succeed in loading configration file
Sun Mar 06 23:45:57 2016  [INFO]: 2
Sun Mar 06 23:45:57 2016  [INFO]: Succeed in loading configration file
Sun Mar 06 23:47:08 2016  [INFO]: 2
Sun Mar 06 23:47:08 2016  [INFO]: Succeed in loading configration file
Sun Mar 06 23:48:22 2016  [INFO]: 2
Sun Mar 06 23:48:22 2016  [INFO]: Succeed in loading configration file
Sun Mar 06 23:49:00 2016  [INFO]: 2
Sun Mar 06 23:49:00 2016  [INFO]: Succeed in loading configration file
Sun Mar 06 23:49:54 2016  [INFO]: 2
Sun Mar 06 23:49:54 2016  [INFO]: Succeed in loading configration file
Sun Mar 06 23:50:49 2016  [INFO]: 2
Sun Mar 06 23:50:49 2016  [INFO]: Succeed in loading configration file
Sun Mar 06 23:51:10 2016  [INFO]: 2
Sun Mar 06 23:51:10 2016  [INFO]: Succeed in loading configration file
Sun Mar 06 23:52:12 2016  [INFO]: 2
Sun Mar 06 23:52:12 2016  [INFO]: Succeed in loading configration file
Sun Mar 06 23:53:30 2016  [INFO]: 2
Sun Mar 06 23:53:30 2016  [INFO]: Succeed in loading configration file
Mon Mar 07 00:17:05 2016  [INFO]: 2
Mon Mar 07 00:17:05 2016  [INFO]: Succeed in loading configration file
Mon Mar 07 00:17:46 2016  [INFO]: 2
Mon Mar 07 00:17:46 2016  [INFO]: Succeed in loading configration file
Mon Mar 07 00:19:33 2016  [INFO]: 2
Mon Mar 07 00:19:33 2016  [INFO]: Succeed in loading configration file
Mon Mar 07 00:20:01 2016  [INFO]: 2
Mon Mar 07 00:20:01 2016  [INFO]: Succeed in loading configration file
Mon Mar 07 00:20:24 2016  [INFO]: 2
Mon Mar 07 00:20:24 2016  [INFO]: Succeed in loading configration file
Mon Mar 07 00:20:54 2016  [INFO]: 2
Mon Mar 07 00:20:54 2016  [INFO]: Succeed in loading configration file
Mon Mar 07 00:24:24 2016  [INFO]: 2
Mon Mar 07 00:24:24 2016  [INFO]: Succeed in loading configration file
Mon Mar 07 00:32:38 2016  [INFO]: 2
Mon Mar 07 00:32:38 2016  [INFO]: Succeed in loading configration file
Mon Mar 07 00:34:56 2016  [INFO]: 2
Mon Mar 07 00:34:56 2016  [INFO]: Succeed in loading configration file
Mon Mar 07 00:35:32 2016  [INFO]: 2
Mon Mar 07 00:35:32 2016  [INFO]: Succeed in loading configration file
Sun May 08 12:23:10 2016  [INFO]: 2
Sun May 08 12:23:10 2016  [INFO]: Succeed in loading configration file
