f:\project\celotsolution\celotnetworkmangerservice\release\celotnetworkmangerservice.pch
f:\project\celotsolution\celotnetworkmangerservice\release\vc120.pdb
f:\project\celotsolution\celotnetworkmangerservice\release\stdafx.obj
f:\project\celotsolution\celotnetworkmangerservice\release\stream.obj
f:\project\celotsolution\celotnetworkmangerservice\release\service.obj
f:\project\celotsolution\celotnetworkmangerservice\release\packetsession.obj
f:\project\celotsolution\celotnetworkmangerservice\release\networksession.obj
f:\project\celotsolution\celotnetworkmangerservice\release\iocp.obj
f:\project\celotsolution\celotnetworkmangerservice\release\eventselect.obj
f:\project\celotsolution\celotnetworkmangerservice\release\crypt.obj
f:\project\celotsolution\celotnetworkmangerservice\release\clientsession.obj
f:\project\celotsolution\celotnetworkmangerservice\release\circularqueue.obj
f:\project\celotsolution\celotnetworkmangerservice\release\celotnetworkmangerservice.obj
f:\project\celotsolution\release\celotnetworkmangerservice.exe
f:\project\celotsolution\release\celotnetworkmangerservice.pdb
f:\project\celotsolution\celotnetworkmangerservice\release\celotnet.afd3ed4f.tlog\cl.command.1.tlog
f:\project\celotsolution\celotnetworkmangerservice\release\celotnet.afd3ed4f.tlog\cl.read.1.tlog
f:\project\celotsolution\celotnetworkmangerservice\release\celotnet.afd3ed4f.tlog\cl.write.1.tlog
f:\project\celotsolution\celotnetworkmangerservice\release\celotnet.afd3ed4f.tlog\link.command.1.tlog
f:\project\celotsolution\celotnetworkmangerservice\release\celotnet.afd3ed4f.tlog\link.read.1.tlog
f:\project\celotsolution\celotnetworkmangerservice\release\celotnet.afd3ed4f.tlog\link.write.1.tlog
