Sun Feb 28 16:00:07 2016  [INFO]: 2
Sun Feb 28 16:00:07 2016  [INFO]: Succeed in loading configration file
Sun Feb 28 19:09:51 2016  [INFO]: 2
Sun Feb 28 19:09:51 2016  [INFO]: Succeed in loading configration file
Sun Mar 06 23:11:00 2016  [INFO]: 2
Sun Mar 06 23:11:00 2016  [INFO]: Succeed in loading configration file
Sun Mar 06 23:11:04 2016  [INFO]: 2
Sun Mar 06 23:11:04 2016  [INFO]: Succeed in loading configration file
Sun Mar 06 23:13:50 2016  [INFO]: 2
Sun Mar 06 23:13:50 2016  [INFO]: Succeed in loading configration file
Sun Mar 06 23:15:13 2016  [INFO]: 2
Sun Mar 06 23:15:13 2016  [INFO]: Succeed in loading configration file
Sun Mar 06 23:15:43 2016  [INFO]: 2
Sun Mar 06 23:15:43 2016  [INFO]: Succeed in loading configration file
Sun Mar 06 23:26:30 2016  [INFO]: 2
Sun Mar 06 23:26:30 2016  [INFO]: Succeed in loading configration file
Sun Mar 06 23:27:40 2016  [INFO]: 2
Sun Mar 06 23:27:40 2016  [INFO]: Succeed in loading configration file
Sun Mar 06 23:28:37 2016  [INFO]: 2
Sun Mar 06 23:28:37 2016  [INFO]: Succeed in loading configration file
Sun Mar 06 23:34:54 2016  [INFO]: 2
Sun Mar 06 23:34:54 2016  [INFO]: Succeed in loading configration file
Sun Mar 06 23:35:05 2016  [INFO]: 2
Sun Mar 06 23:35:05 2016  [INFO]: Succeed in loading configration file
Sun Mar 06 23:36:39 2016  [INFO]: 2
Sun Mar 06 23:36:39 2016  [INFO]: Succeed in loading configration file
Sun Mar 06 23:39:36 2016  [INFO]: 2
Sun Mar 06 23:39:36 2016  [INFO]: Succeed in loading configration file
Mon Mar 07 00:41:38 2016  [INFO]: 2
Mon Mar 07 00:41:38 2016  [INFO]: Succeed in loading configration file
Mon Mar 07 00:43:11 2016  [INFO]: 2
Mon Mar 07 00:43:11 2016  [INFO]: Succeed in loading configration file
Mon Mar 07 00:45:36 2016  [INFO]: 2
Mon Mar 07 00:45:36 2016  [INFO]: Succeed in loading configration file
Mon Mar 07 00:46:01 2016  [INFO]: 2
Mon Mar 07 00:46:01 2016  [INFO]: Succeed in loading configration file
Mon Mar 07 00:46:10 2016  [INFO]: 2
Mon Mar 07 00:46:10 2016  [INFO]: Succeed in loading configration file
Mon Mar 07 00:46:38 2016  [INFO]: 2
Mon Mar 07 00:46:38 2016  [INFO]: Succeed in loading configration file
Mon Mar 07 00:48:35 2016  [INFO]: 2
Mon Mar 07 00:48:35 2016  [INFO]: Succeed in loading configration file
Mon Mar 07 00:48:48 2016  [INFO]: 2
Mon Mar 07 00:48:48 2016  [INFO]: Succeed in loading configration file
Mon Mar 07 00:50:44 2016  [INFO]: 2
Mon Mar 07 00:50:44 2016  [INFO]: Succeed in loading configration file
Mon Mar 07 00:50:48 2016  [INFO]: 2
Mon Mar 07 00:50:48 2016  [INFO]: Succeed in loading configration file
Mon Mar 07 00:52:18 2016  [INFO]: 2
Mon Mar 07 00:52:18 2016  [INFO]: Succeed in loading configration file
Mon Mar 07 01:00:20 2016  [INFO]: 2
Mon Mar 07 01:00:20 2016  [INFO]: Succeed in loading configration file
Mon Mar 07 01:06:02 2016  [INFO]: 2
Mon Mar 07 01:06:02 2016  [INFO]: Succeed in loading configration file
Mon Mar 07 01:07:35 2016  [INFO]: 2
Mon Mar 07 01:07:35 2016  [INFO]: Succeed in loading configration file
Mon Mar 07 01:16:04 2016  [INFO]: 2
Mon Mar 07 01:16:04 2016  [INFO]: Succeed in loading configration file
Mon Mar 07 01:16:40 2016  [INFO]: 2
Mon Mar 07 01:16:40 2016  [INFO]: Succeed in loading configration file
Mon Mar 07 01:17:09 2016  [INFO]: 2
Mon Mar 07 01:17:09 2016  [INFO]: Succeed in loading configration file
Mon Mar 07 01:18:33 2016  [INFO]: 2
Mon Mar 07 01:18:33 2016  [INFO]: Succeed in loading configration file
Mon Mar 07 01:18:49 2016  [INFO]: 2
Mon Mar 07 01:18:49 2016  [INFO]: Succeed in loading configration file
Mon Mar 07 01:19:31 2016  [INFO]: 2
Mon Mar 07 01:19:31 2016  [INFO]: Succeed in loading configration file
Mon Mar 07 01:19:59 2016  [INFO]: 2
Mon Mar 07 01:19:59 2016  [INFO]: Succeed in loading configration file
Mon Mar 07 01:20:42 2016  [INFO]: 2
Mon Mar 07 01:20:42 2016  [INFO]: Succeed in loading configration file
Mon Mar 07 01:21:23 2016  [INFO]: 2
Mon Mar 07 01:21:23 2016  [INFO]: Succeed in loading configration file
Mon Mar 07 01:21:43 2016  [INFO]: 2
Mon Mar 07 01:21:43 2016  [INFO]: Succeed in loading configration file
Mon Mar 07 01:24:12 2016  [INFO]: 2
Mon Mar 07 01:24:12 2016  [INFO]: Succeed in loading configration file
Mon Mar 07 01:32:35 2016  [INFO]: 2
Mon Mar 07 01:32:35 2016  [INFO]: Succeed in loading configration file
Mon Mar 07 01:32:47 2016  [INFO]: 2
Mon Mar 07 01:32:47 2016  [INFO]: Succeed in loading configration file
Mon Mar 07 01:33:17 2016  [INFO]: 2
Mon Mar 07 01:33:17 2016  [INFO]: Succeed in loading configration file
Mon Mar 07 01:34:39 2016  [INFO]: 2
Mon Mar 07 01:34:39 2016  [INFO]: Succeed in loading configration file
Mon Mar 07 01:36:32 2016  [INFO]: 2
Mon Mar 07 01:36:32 2016  [INFO]: Succeed in loading configration file
Mon Mar 07 01:43:48 2016  [INFO]: 2
Mon Mar 07 01:43:48 2016  [INFO]: Succeed in loading configration file
