f:\new_celot_porject\celotsolution\celotnetworkmangerservice\x64\release\c-cloud service.pch
f:\new_celot_porject\celotsolution\celotnetworkmangerservice\x64\release\vc120.pdb
f:\new_celot_porject\celotsolution\celotnetworkmangerservice\x64\release\stdafx.obj
f:\new_celot_porject\celotsolution\celotnetworkmangerservice\x64\release\util.obj
f:\new_celot_porject\celotsolution\celotnetworkmangerservice\x64\release\stream.obj
f:\new_celot_porject\celotsolution\celotnetworkmangerservice\x64\release\nmspacketsession.obj
f:\new_celot_porject\celotsolution\celotnetworkmangerservice\x64\release\networksession.obj
f:\new_celot_porject\celotsolution\celotnetworkmangerservice\x64\release\mysql.obj
f:\new_celot_porject\celotsolution\celotnetworkmangerservice\x64\release\logger.obj
f:\new_celot_porject\celotsolution\celotnetworkmangerservice\x64\release\baseiocp.obj
f:\new_celot_porject\celotsolution\celotnetworkmangerservice\x64\release\inifile.obj
f:\new_celot_porject\celotsolution\celotnetworkmangerservice\x64\release\celotiocp.obj
f:\new_celot_porject\celotsolution\celotnetworkmangerservice\x64\release\eventselect.obj
f:\new_celot_porject\celotsolution\celotnetworkmangerservice\x64\release\devicemanager.obj
f:\new_celot_porject\celotsolution\celotnetworkmangerservice\x64\release\device.obj
f:\new_celot_porject\celotsolution\celotnetworkmangerservice\x64\release\celotsessionmanager.obj
f:\new_celot_porject\celotsolution\celotnetworkmangerservice\x64\release\celotsession.obj
f:\new_celot_porject\celotsolution\celotnetworkmangerservice\x64\release\circularqueue.obj
f:\new_celot_porject\celotsolution\celotnetworkmangerservice\x64\release\celotnetworkmangerservice.obj
f:\new_celot_porject\celotsolution\x64\release\c-cloud service.exe
f:\new_celot_porject\celotsolution\x64\release\c-cloud service.pdb
f:\new_celot_porject\celotsolution\celotnetworkmangerservice\x64\release\celotnetworkmangerservice.res
f:\new_celot_porject\celotsolution\celotnetworkmangerservice\x64\release\c-cloud service.tlog\cl.command.1.tlog
f:\new_celot_porject\celotsolution\celotnetworkmangerservice\x64\release\c-cloud service.tlog\cl.read.1.tlog
f:\new_celot_porject\celotsolution\celotnetworkmangerservice\x64\release\c-cloud service.tlog\cl.write.1.tlog
f:\new_celot_porject\celotsolution\celotnetworkmangerservice\x64\release\c-cloud service.tlog\link.command.1.tlog
f:\new_celot_porject\celotsolution\celotnetworkmangerservice\x64\release\c-cloud service.tlog\link.read.1.tlog
f:\new_celot_porject\celotsolution\celotnetworkmangerservice\x64\release\c-cloud service.tlog\link.write.1.tlog
f:\new_celot_porject\celotsolution\celotnetworkmangerservice\x64\release\c-cloud service.tlog\rc.command.1.tlog
f:\new_celot_porject\celotsolution\celotnetworkmangerservice\x64\release\c-cloud service.tlog\rc.read.1.tlog
f:\new_celot_porject\celotsolution\celotnetworkmangerservice\x64\release\c-cloud service.tlog\rc.write.1.tlog
