f:\new_celot_porject\celotsolution\celotnetworkmangerservice\debug\c-cloudservice.pch
f:\new_celot_porject\celotsolution\celotnetworkmangerservice\debug\vc120.pdb
f:\new_celot_porject\celotsolution\celotnetworkmangerservice\debug\vc120.idb
f:\new_celot_porject\celotsolution\celotnetworkmangerservice\debug\stdafx.obj
f:\new_celot_porject\celotsolution\celotnetworkmangerservice\debug\ccloudservice.obj
f:\new_celot_porject\celotsolution\celotnetworkmangerservice\debug\circularqueue.obj
f:\new_celot_porject\celotsolution\celotnetworkmangerservice\debug\celotsession.obj
f:\new_celot_porject\celotsolution\celotnetworkmangerservice\debug\celotsessionmanager.obj
f:\new_celot_porject\celotsolution\celotnetworkmangerservice\debug\device.obj
f:\new_celot_porject\celotsolution\celotnetworkmangerservice\debug\devicemanager.obj
f:\new_celot_porject\celotsolution\celotnetworkmangerservice\debug\eventselect.obj
f:\new_celot_porject\celotsolution\celotnetworkmangerservice\debug\celotiocp.obj
f:\new_celot_porject\celotsolution\celotnetworkmangerservice\debug\inifile.obj
f:\new_celot_porject\celotsolution\celotnetworkmangerservice\debug\baseiocp.obj
f:\new_celot_porject\celotsolution\celotnetworkmangerservice\debug\logger.obj
f:\new_celot_porject\celotsolution\celotnetworkmangerservice\debug\mysql.obj
f:\new_celot_porject\celotsolution\celotnetworkmangerservice\debug\networksession.obj
f:\new_celot_porject\celotsolution\celotnetworkmangerservice\debug\nmspacketsession.obj
f:\new_celot_porject\celotsolution\celotnetworkmangerservice\debug\stream.obj
f:\new_celot_porject\celotsolution\celotnetworkmangerservice\debug\util.obj
f:\new_celot_porject\celotsolution\celotnetworkmangerservice\debug\celotnetworkmangerservice.res
f:\new_celot_porject\celotsolution\debug\c-cloudservice.pdb
f:\new_celot_porject\celotsolution\celotnetworkmangerservice\debug\c-cloudservice.tlog\cl.command.1.tlog
f:\new_celot_porject\celotsolution\celotnetworkmangerservice\debug\c-cloudservice.tlog\cl.read.1.tlog
f:\new_celot_porject\celotsolution\celotnetworkmangerservice\debug\c-cloudservice.tlog\cl.write.1.tlog
f:\new_celot_porject\celotsolution\celotnetworkmangerservice\debug\c-cloudservice.tlog\link-cvtres.read.1.tlog
f:\new_celot_porject\celotsolution\celotnetworkmangerservice\debug\c-cloudservice.tlog\link-cvtres.write.1.tlog
f:\new_celot_porject\celotsolution\celotnetworkmangerservice\debug\c-cloudservice.tlog\link-rc.read.1.tlog
f:\new_celot_porject\celotsolution\celotnetworkmangerservice\debug\c-cloudservice.tlog\link-rc.write.1.tlog
f:\new_celot_porject\celotsolution\celotnetworkmangerservice\debug\c-cloudservice.tlog\link.command.1.tlog
f:\new_celot_porject\celotsolution\celotnetworkmangerservice\debug\c-cloudservice.tlog\link.read.1.tlog
f:\new_celot_porject\celotsolution\celotnetworkmangerservice\debug\c-cloudservice.tlog\link.write.1.tlog
f:\new_celot_porject\celotsolution\celotnetworkmangerservice\debug\c-cloudservice.tlog\rc.command.1.tlog
f:\new_celot_porject\celotsolution\celotnetworkmangerservice\debug\c-cloudservice.tlog\rc.read.1.tlog
f:\new_celot_porject\celotsolution\celotnetworkmangerservice\debug\c-cloudservice.tlog\rc.write.1.tlog
