빌드 시작: 2016-03-20 오후 5:45:46
     1>4 노드의 "F:\new_celot_porject\CelotSolution\CelotNetworkMangerService\CelotNetworkMangerService.vcxproj" 프로젝트(Build 대상)입니다.
     1>C:\Program Files (x86)\MSBuild\Microsoft.Cpp\v4.0\V120\Microsoft.CppBuild.targets(381,5): warning MSB8028: The intermediate directory (Debug\) contains files shared from another project (C-Cloud Service.vcxproj, CelotNetworkMangerService.vcxproj).  This can lead to incorrect clean and rebuild behavior.
     1>ClCompile:
         C:\Program Files (x86)\Microsoft Visual Studio 12.0\VC\bin\CL.exe /c /ZI /nologo /W3 /WX- /Od /Oy- /D WIN32 /D _DEBUG /D _CONSOLE /D _UNICODE /D UNICODE /Gm /EHsc /RTC1 /MDd /GS /fp:precise /Zc:wchar_t /Zc:forScope /Yu"stdafx.h" /Fp"Debug\C-CloudService.pch" /Fo"Debug\\" /Fd"Debug\vc120.pdb" /Gd /TP /analyze- /errorReport:prompt NMSAlertCheck.cpp
         NMSAlertCheck.cpp
     1>f:\new_celot_porject\celotsolution\celotnetworkmangerservice\device.h(35): warning C4996: 'strcpy': This function or variable may be unsafe. Consider using strcpy_s instead. To disable deprecation, use _CRT_SECURE_NO_WARNINGS. See online help for details.
                 c:\program files (x86)\microsoft visual studio 12.0\vc\include\string.h(112) : 'strcpy' 선언을 참조하십시오.
     1>f:\new_celot_porject\celotsolution\celotnetworkmangerservice\device.h(38): warning C4996: 'strcpy': This function or variable may be unsafe. Consider using strcpy_s instead. To disable deprecation, use _CRT_SECURE_NO_WARNINGS. See online help for details.
                 c:\program files (x86)\microsoft visual studio 12.0\vc\include\string.h(112) : 'strcpy' 선언을 참조하십시오.
     1>f:\new_celot_porject\celotsolution\celotnetworkmangerservice\device.h(41): warning C4996: 'strcpy': This function or variable may be unsafe. Consider using strcpy_s instead. To disable deprecation, use _CRT_SECURE_NO_WARNINGS. See online help for details.
                 c:\program files (x86)\microsoft visual studio 12.0\vc\include\string.h(112) : 'strcpy' 선언을 참조하십시오.
     1>f:\new_celot_porject\celotsolution\celotnetworkmangerservice\device.h(47): warning C4996: 'strcpy': This function or variable may be unsafe. Consider using strcpy_s instead. To disable deprecation, use _CRT_SECURE_NO_WARNINGS. See online help for details.
                 c:\program files (x86)\microsoft visual studio 12.0\vc\include\string.h(112) : 'strcpy' 선언을 참조하십시오.
     1>f:\new_celot_porject\celotsolution\celotnetworkmangerservice\device.h(50): warning C4996: 'strcpy': This function or variable may be unsafe. Consider using strcpy_s instead. To disable deprecation, use _CRT_SECURE_NO_WARNINGS. See online help for details.
                 c:\program files (x86)\microsoft visual studio 12.0\vc\include\string.h(112) : 'strcpy' 선언을 참조하십시오.
     1>f:\new_celot_porject\celotsolution\celotnetworkmangerservice\device.h(56): warning C4244: '=' : 'int'에서 'FLOAT'(으)로 변환하면서 데이터가 손실될 수 있습니다.
     1>f:\new_celot_porject\celotsolution\celotnetworkmangerservice\device.h(83): warning C4996: 'strcpy': This function or variable may be unsafe. Consider using strcpy_s instead. To disable deprecation, use _CRT_SECURE_NO_WARNINGS. See online help for details.
                 c:\program files (x86)\microsoft visual studio 12.0\vc\include\string.h(112) : 'strcpy' 선언을 참조하십시오.
     1>f:\new_celot_porject\celotsolution\celotnetworkmangerservice\nmsalertcheck.cpp(107): warning C4018: '<=' : signed 또는 unsigned가 일치하지 않습니다.
     1>f:\new_celot_porject\celotsolution\celotnetworkmangerservice\nmsalertcheck.cpp(121): warning C4996: 'strncpy': This function or variable may be unsafe. Consider using strncpy_s instead. To disable deprecation, use _CRT_SECURE_NO_WARNINGS. See online help for details.
                 c:\program files (x86)\microsoft visual studio 12.0\vc\include\string.h(195) : 'strncpy' 선언을 참조하십시오.
     1>f:\new_celot_porject\celotsolution\celotnetworkmangerservice\nmsalertcheck.cpp(51): error C4716: 'NMSAlertCheck::CheckRouterAlert' : 값을 반환해야 합니다.
     1>f:\new_celot_porject\celotsolution\celotnetworkmangerservice\nmsalertcheck.cpp(58): error C4716: 'NMSAlertCheck::CheckUnknownDeviceAlert' : 값을 반환해야 합니다.
     1>"F:\new_celot_porject\CelotSolution\CelotNetworkMangerService\CelotNetworkMangerService.vcxproj" 프로젝트를 빌드했습니다(Build 대상). - 실패

빌드하지 못했습니다.

경과 시간: 00:00:02.94
